Symbol range map extraction starting
Processing 95 files
startProcessing "com\bored\morefuelsmod\Main.java" md5: 61d54d1d80db85081fbe51526ec67ebf
Cache Hit!
endProcessing "com\bored\morefuelsmod\Main.java"

startProcessing "com\bored\morefuelsmod\ModCrafting.java" md5: dda07d5c1a7881f550786294c2d5eeb8
Cache Hit!
endProcessing "com\bored\morefuelsmod\ModCrafting.java"

startProcessing "com\bored\morefuelsmod\ModSmelting.java" md5: 0a7a69598785f2f359ab62474f6b8254
Cache Hit!
endProcessing "com\bored\morefuelsmod\ModSmelting.java"

startProcessing "com\bored\morefuelsmod\ModWorldGen.java" md5: 3432752eb44697c662c698b9765bac5a
Cache Hit!
endProcessing "com\bored\morefuelsmod\ModWorldGen.java"

startProcessing "com\bored\morefuelsmod\RFtL.java" md5: 16f6062376476510f2753f323163103b
Cache Hit!
endProcessing "com\bored\morefuelsmod\RFtL.java"

startProcessing "com\bored\morefuelsmod\block\BlockBase.java" md5: d5c477f688efc5bcaafa83d718795ddd
Cache Hit!
endProcessing "com\bored\morefuelsmod\block\BlockBase.java"

startProcessing "com\bored\morefuelsmod\block\BlockLavaOre.java" md5: c13f3def1397d613fdfa7705b00e5cef
Cache Hit!
endProcessing "com\bored\morefuelsmod\block\BlockLavaOre.java"

startProcessing "com\bored\morefuelsmod\block\BlockOre.java" md5: 56cf6c71b9edbdf87e69c4ceafb66826
Cache Hit!
endProcessing "com\bored\morefuelsmod\block\BlockOre.java"

startProcessing "com\bored\morefuelsmod\block\ModBlocks.java" md5: 356caaca1c4273bf5584a8f1e0cb0147
Cache Hit!
endProcessing "com\bored\morefuelsmod\block\ModBlocks.java"

startProcessing "com\bored\morefuelsmod\client\MoreFuelsTab.java" md5: 34a2ac5649b741e679da5d1f6d7d469b
Cache Hit!
endProcessing "com\bored\morefuelsmod\client\MoreFuelsTab.java"

startProcessing "com\bored\morefuelsmod\fuels\ActivatorRail.java" md5: f5b988153b8713e1db112444610319f9
Cache Hit!
endProcessing "com\bored\morefuelsmod\fuels\ActivatorRail.java"

startProcessing "com\bored\morefuelsmod\fuels\ArmorStand.java" md5: 6a8f5ce51de4426a65352bea90028912
Cache Hit!
endProcessing "com\bored\morefuelsmod\fuels\ArmorStand.java"

startProcessing "com\bored\morefuelsmod\fuels\Arrow.java" md5: 9abaf66868ed282e2b8ad0026335b4ee
Cache Hit!
endProcessing "com\bored\morefuelsmod\fuels\Arrow.java"

startProcessing "com\bored\morefuelsmod\fuels\Bed.java" md5: e00a8e657de01441d46a2cd3e4b31cca
Cache Hit!
endProcessing "com\bored\morefuelsmod\fuels\Bed.java"

startProcessing "com\bored\morefuelsmod\fuels\BeetSeeds.java" md5: 96c293a67802552c85cebffe022d686c
Cache Hit!
endProcessing "com\bored\morefuelsmod\fuels\BeetSeeds.java"

startProcessing "com\bored\morefuelsmod\fuels\BlazePowder.java" md5: 065dd0f2b22605d4d54c8b8af65d566f
Cache Hit!
endProcessing "com\bored\morefuelsmod\fuels\BlazePowder.java"

startProcessing "com\bored\morefuelsmod\fuels\Book.java" md5: 6f02d1493f81c30b9bab5b41d18fd484
Cache Hit!
endProcessing "com\bored\morefuelsmod\fuels\Book.java"

startProcessing "com\bored\morefuelsmod\fuels\Bowl.java" md5: a9c1e2abecd764fefbdea8e54d0201ca
Cache Hit!
endProcessing "com\bored\morefuelsmod\fuels\Bowl.java"

startProcessing "com\bored\morefuelsmod\fuels\Cactus.java" md5: 69abffe5d317f40c0573f29439ae35bf
Cache Hit!
endProcessing "com\bored\morefuelsmod\fuels\Cactus.java"

startProcessing "com\bored\morefuelsmod\fuels\Carpet.java" md5: 39a5ca67aa76734a5cf87fab49f394b2
Cache Hit!
endProcessing "com\bored\morefuelsmod\fuels\Carpet.java"

startProcessing "com\bored\morefuelsmod\fuels\CarrotOnAStick.java" md5: e47e0a64ca10de550753d9522dabd6ac
Cache Hit!
endProcessing "com\bored\morefuelsmod\fuels\CarrotOnAStick.java"

startProcessing "com\bored\morefuelsmod\fuels\ChorusFlowers.java" md5: caca7aa152d73ae12b74c53725e4743c
Cache Hit!
endProcessing "com\bored\morefuelsmod\fuels\ChorusFlowers.java"

startProcessing "com\bored\morefuelsmod\fuels\ChorusPlant.java" md5: 7da82c0d48b885a69515c8f8bf3acf28
Cache Hit!
endProcessing "com\bored\morefuelsmod\fuels\ChorusPlant.java"

startProcessing "com\bored\morefuelsmod\fuels\Deadbush.java" md5: 61f93c2b6caef6ba88d7841098651341
Cache Hit!
endProcessing "com\bored\morefuelsmod\fuels\Deadbush.java"

startProcessing "com\bored\morefuelsmod\fuels\DetectorRail.java" md5: 19b430b5d912d49b0c746147f3381ef7
Cache Hit!
endProcessing "com\bored\morefuelsmod\fuels\DetectorRail.java"

startProcessing "com\bored\morefuelsmod\fuels\Doors.java" md5: d33f7dacb0b864a443bcd863718d4e37
Cache Hit!
endProcessing "com\bored\morefuelsmod\fuels\Doors.java"

startProcessing "com\bored\morefuelsmod\fuels\DoublePlant.java" md5: bc2e28143c391605a08abd0c32d763de
Cache Hit!
endProcessing "com\bored\morefuelsmod\fuels\DoublePlant.java"

startProcessing "com\bored\morefuelsmod\fuels\DragonBreath.java" md5: 69b717d883a983fe3758bccf1f77da23
Cache Hit!
endProcessing "com\bored\morefuelsmod\fuels\DragonBreath.java"

startProcessing "com\bored\morefuelsmod\fuels\ExperimentalMushroomBlocks.java" md5: 7fe1fe6ae6bc35e1e40b93515f7fa464
Cache Hit!
endProcessing "com\bored\morefuelsmod\fuels\ExperimentalMushroomBlocks.java"

startProcessing "com\bored\morefuelsmod\fuels\ExperimentalPotions.java" md5: fb851962ebc194a02342efd1b92cc46b
Cache Hit!
endProcessing "com\bored\morefuelsmod\fuels\ExperimentalPotions.java"

startProcessing "com\bored\morefuelsmod\fuels\Feather.java" md5: cbc771cd67f9488987f4a8831eb33208
Cache Hit!
endProcessing "com\bored\morefuelsmod\fuels\Feather.java"

startProcessing "com\bored\morefuelsmod\fuels\FermentedSpiderEye.java" md5: b781d7811b199b45a69a4c2e1cd77976
Cache Hit!
endProcessing "com\bored\morefuelsmod\fuels\FermentedSpiderEye.java"

startProcessing "com\bored\morefuelsmod\fuels\FireCharge.java" md5: 5715e59a0a6db616df9562de8f8b5d2e
Cache Hit!
endProcessing "com\bored\morefuelsmod\fuels\FireCharge.java"

startProcessing "com\bored\morefuelsmod\fuels\FireworkCharge.java" md5: 0cb957daa79695b116305d727a238cc4
Cache Hit!
endProcessing "com\bored\morefuelsmod\fuels\FireworkCharge.java"

startProcessing "com\bored\morefuelsmod\fuels\Fireworks.java" md5: 63e659b9e6f617de0ab3c1444a53a1bb
Cache Hit!
endProcessing "com\bored\morefuelsmod\fuels\Fireworks.java"

startProcessing "com\bored\morefuelsmod\fuels\FishingRod.java" md5: d2b1c131efd2893fb263e1bd5a13a618
Cache Hit!
endProcessing "com\bored\morefuelsmod\fuels\FishingRod.java"

startProcessing "com\bored\morefuelsmod\fuels\GhastTear.java" md5: 8c532ba891540c07bd66af29c4ef636b
Cache Hit!
endProcessing "com\bored\morefuelsmod\fuels\GhastTear.java"

startProcessing "com\bored\morefuelsmod\fuels\Gunpowder.java" md5: 14ac362af0456b8ebec3f6b175ec536b
Cache Hit!
endProcessing "com\bored\morefuelsmod\fuels\Gunpowder.java"

startProcessing "com\bored\morefuelsmod\fuels\HayBlock.java" md5: d8e8afc74b46da379f545f05b6390ed3
Cache Hit!
endProcessing "com\bored\morefuelsmod\fuels\HayBlock.java"

startProcessing "com\bored\morefuelsmod\fuels\ItemFrame.java" md5: d04e56f740c33aee209c9a8da571344f
Cache Hit!
endProcessing "com\bored\morefuelsmod\fuels\ItemFrame.java"

startProcessing "com\bored\morefuelsmod\fuels\Ladder.java" md5: 128944093416fd4747ebeac111f41699
Cache Hit!
endProcessing "com\bored\morefuelsmod\fuels\Ladder.java"

startProcessing "com\bored\morefuelsmod\fuels\Leather.java" md5: 9039812449e6dde80d92df61277afd85
Cache Hit!
endProcessing "com\bored\morefuelsmod\fuels\Leather.java"

startProcessing "com\bored\morefuelsmod\fuels\LeatherArmor.java" md5: 5ec4cb50e9ebb3f942c85d488b9df6f5
Cache Hit!
endProcessing "com\bored\morefuelsmod\fuels\LeatherArmor.java"

startProcessing "com\bored\morefuelsmod\fuels\Lever.java" md5: 9c5c8106cf36e10ffca199925863f53d
Cache Hit!
endProcessing "com\bored\morefuelsmod\fuels\Lever.java"

startProcessing "com\bored\morefuelsmod\fuels\MagmaCream.java" md5: bd8acc46b146d4f603bac53de3423905
Cache Hit!
endProcessing "com\bored\morefuelsmod\fuels\MagmaCream.java"

startProcessing "com\bored\morefuelsmod\fuels\Maps.java" md5: 266ab761cad3c4a0b40a6002e3bb5a3e
Cache Hit!
endProcessing "com\bored\morefuelsmod\fuels\Maps.java"

startProcessing "com\bored\morefuelsmod\fuels\MelonSeeds.java" md5: 517d6f547ba4b4d2f66890032f03149b
Cache Hit!
endProcessing "com\bored\morefuelsmod\fuels\MelonSeeds.java"

startProcessing "com\bored\morefuelsmod\fuels\MinecartWithChest.java" md5: f6d915c09619597223b193a33c0b95ec
Cache Hit!
endProcessing "com\bored\morefuelsmod\fuels\MinecartWithChest.java"

startProcessing "com\bored\morefuelsmod\fuels\MushroomItems.java" md5: 489472d368afc156f95e1bc2aa5bcf7f
Cache Hit!
endProcessing "com\bored\morefuelsmod\fuels\MushroomItems.java"

startProcessing "com\bored\morefuelsmod\fuels\Painting.java" md5: e64a8e4398311a683a6809af33e96d65
Cache Hit!
endProcessing "com\bored\morefuelsmod\fuels\Painting.java"

startProcessing "com\bored\morefuelsmod\fuels\Paper.java" md5: b2d1410860e25c666bafb7b319fa4236
Cache Hit!
endProcessing "com\bored\morefuelsmod\fuels\Paper.java"

startProcessing "com\bored\morefuelsmod\fuels\Piston.java" md5: fce22242ced5c98603fcc443872b872c
Cache Hit!
endProcessing "com\bored\morefuelsmod\fuels\Piston.java"

startProcessing "com\bored\morefuelsmod\fuels\PoisonousPotato.java" md5: f838ff859397ea18035ea8362ceca71a
Cache Hit!
endProcessing "com\bored\morefuelsmod\fuels\PoisonousPotato.java"

startProcessing "com\bored\morefuelsmod\fuels\PoweredRail.java" md5: 1a36ac17ff0578d4a162b1a42ae0bbad
Cache Hit!
endProcessing "com\bored\morefuelsmod\fuels\PoweredRail.java"

startProcessing "com\bored\morefuelsmod\fuels\PumpkinSeeds.java" md5: 0b5a94a53f5a30648ec583154f0d4cfb
Cache Hit!
endProcessing "com\bored\morefuelsmod\fuels\PumpkinSeeds.java"

startProcessing "com\bored\morefuelsmod\fuels\RabbitFoot.java" md5: 98501d6fd9552347fc738f6840d37ec9
Cache Hit!
endProcessing "com\bored\morefuelsmod\fuels\RabbitFoot.java"

startProcessing "com\bored\morefuelsmod\fuels\Rail.java" md5: 6d57212ff35801f1969381c9db4a471c
Cache Hit!
endProcessing "com\bored\morefuelsmod\fuels\Rail.java"

startProcessing "com\bored\morefuelsmod\fuels\RedFlower.java" md5: 103d516a52847546815332903f6517ab
Cache Hit!
endProcessing "com\bored\morefuelsmod\fuels\RedFlower.java"

startProcessing "com\bored\morefuelsmod\fuels\RedstoneTorch.java" md5: 54ab381436b8f79cb95c9068a4aaca9d
Cache Hit!
endProcessing "com\bored\morefuelsmod\fuels\RedstoneTorch.java"

startProcessing "com\bored\morefuelsmod\fuels\RottenFlesh.java" md5: b2ce20b53c910cb696600daa1b100cec
Cache Hit!
endProcessing "com\bored\morefuelsmod\fuels\RottenFlesh.java"

startProcessing "com\bored\morefuelsmod\fuels\Shield.java" md5: e6241486f6eda49e1631ce79de1ff77e
Cache Hit!
endProcessing "com\bored\morefuelsmod\fuels\Shield.java"

startProcessing "com\bored\morefuelsmod\fuels\Sign.java" md5: 9add4fc44a405db867493967334ff75e
Cache Hit!
endProcessing "com\bored\morefuelsmod\fuels\Sign.java"

startProcessing "com\bored\morefuelsmod\fuels\SpawnEgg.java" md5: 816a6e40825dbd13b34f2da3e60c52ec
Cache Hit!
endProcessing "com\bored\morefuelsmod\fuels\SpawnEgg.java"

startProcessing "com\bored\morefuelsmod\fuels\SpiderEye.java" md5: 11a0e9de1d0b0458f59bfea959f37272
Cache Hit!
endProcessing "com\bored\morefuelsmod\fuels\SpiderEye.java"

startProcessing "com\bored\morefuelsmod\fuels\StickyPiston.java" md5: f4273e7780f085d1578bd501f8d8c070
Cache Hit!
endProcessing "com\bored\morefuelsmod\fuels\StickyPiston.java"

startProcessing "com\bored\morefuelsmod\fuels\Sugarcane.java" md5: 759d1603f50eb26864c5c75907ca246a
Cache Hit!
endProcessing "com\bored\morefuelsmod\fuels\Sugarcane.java"

startProcessing "com\bored\morefuelsmod\fuels\TNT.java" md5: 516f70aa82409e8fc07121889d5ba712
Cache Hit!
endProcessing "com\bored\morefuelsmod\fuels\TNT.java"

startProcessing "com\bored\morefuelsmod\fuels\TNTMinecart.java" md5: 4e6fc4a18b499cf7daea4c6c5dd7204d
Cache Hit!
endProcessing "com\bored\morefuelsmod\fuels\TNTMinecart.java"

startProcessing "com\bored\morefuelsmod\fuels\Torch.java" md5: b36e4d22196646f7984a3445f7eb3b63
Cache Hit!
endProcessing "com\bored\morefuelsmod\fuels\Torch.java"

startProcessing "com\bored\morefuelsmod\fuels\TripwireHook.java" md5: 7150fab6243bc52181e31a66ae750013
Cache Hit!
endProcessing "com\bored\morefuelsmod\fuels\TripwireHook.java"

startProcessing "com\bored\morefuelsmod\fuels\Vine.java" md5: 3ee7e9ed415ae8db0459fe3590b384e9
Cache Hit!
endProcessing "com\bored\morefuelsmod\fuels\Vine.java"

startProcessing "com\bored\morefuelsmod\fuels\WaterLily.java" md5: c7c746ed6abae9a22b3ff4d18953ad61
Cache Hit!
endProcessing "com\bored\morefuelsmod\fuels\WaterLily.java"

startProcessing "com\bored\morefuelsmod\fuels\Web.java" md5: 5006578b4bc6cc9d116bf61be90fed7e
Cache Hit!
endProcessing "com\bored\morefuelsmod\fuels\Web.java"

startProcessing "com\bored\morefuelsmod\fuels\Wheat.java" md5: 6584cfc93250242aeddf1ca0f13b18b8
Cache Hit!
endProcessing "com\bored\morefuelsmod\fuels\Wheat.java"

startProcessing "com\bored\morefuelsmod\fuels\WheatSeeds.java" md5: 98611fa0bfeb68b724c5addf9fb78e54
Cache Hit!
endProcessing "com\bored\morefuelsmod\fuels\WheatSeeds.java"

startProcessing "com\bored\morefuelsmod\fuels\WoodenButton.java" md5: 318dfeee7d93c8174cf8b05dae0890d0
Cache Hit!
endProcessing "com\bored\morefuelsmod\fuels\WoodenButton.java"

startProcessing "com\bored\morefuelsmod\fuels\Wool.java" md5: ae38a4d7ca150520b1295f244b9a7d70
Cache Hit!
endProcessing "com\bored\morefuelsmod\fuels\Wool.java"

startProcessing "com\bored\morefuelsmod\fuels\WritableBook.java" md5: 11b368232a9150c1e7a2dbce7971c08c
Cache Hit!
endProcessing "com\bored\morefuelsmod\fuels\WritableBook.java"

startProcessing "com\bored\morefuelsmod\fuels\WrittenBook.java" md5: d3f85137ba5f8541fb64753ee67e1364
Cache Hit!
endProcessing "com\bored\morefuelsmod\fuels\WrittenBook.java"

startProcessing "com\bored\morefuelsmod\fuels\YellowFlower.java" md5: 1bb8f402650d31560acd5edcb8f26595
Cache Hit!
endProcessing "com\bored\morefuelsmod\fuels\YellowFlower.java"

startProcessing "com\bored\morefuelsmod\fuels\modfuels\BituminousCoal.java" md5: 8434847ace7bc980b134e6ca135edcfa
Cache Hit!
endProcessing "com\bored\morefuelsmod\fuels\modfuels\BituminousCoal.java"

startProcessing "com\bored\morefuelsmod\fuels\modfuels\BituminousCoalBlock.java" md5: f137990da5839948335d21b34149b67c
Cache Hit!
endProcessing "com\bored\morefuelsmod\fuels\modfuels\BituminousCoalBlock.java"

startProcessing "com\bored\morefuelsmod\fuels\modfuels\Coke.java" md5: 043014159ecc7bab74bc3c5f6d00fa87
Cache Hit!
endProcessing "com\bored\morefuelsmod\fuels\modfuels\Coke.java"

startProcessing "com\bored\morefuelsmod\fuels\modfuels\CokeBlock.java" md5: 957ca3f8f6f1d881182cfa0987011540
Cache Hit!
endProcessing "com\bored\morefuelsmod\fuels\modfuels\CokeBlock.java"

startProcessing "com\bored\morefuelsmod\fuels\modfuels\ConcentratedPelletBlock.java" md5: 12b4fb97b93dc91abe818cd380475753
Cache Hit!
endProcessing "com\bored\morefuelsmod\fuels\modfuels\ConcentratedPelletBlock.java"

startProcessing "com\bored\morefuelsmod\fuels\modfuels\ConcentratedPelletFuel.java" md5: 20bc77d1e216c3c5b17f6755578c271d
Cache Hit!
endProcessing "com\bored\morefuelsmod\fuels\modfuels\ConcentratedPelletFuel.java"

startProcessing "com\bored\morefuelsmod\fuels\modfuels\InfiniteCreativeFuelBlock.java" md5: 2fa619909b52dca9b42c74e5832d470f
Cache Hit!
endProcessing "com\bored\morefuelsmod\fuels\modfuels\InfiniteCreativeFuelBlock.java"

startProcessing "com\bored\morefuelsmod\fuels\modfuels\LavaOrb.java" md5: e7a4018973ce1c7be27d80db088893dc
Cache Hit!
endProcessing "com\bored\morefuelsmod\fuels\modfuels\LavaOrb.java"

startProcessing "com\bored\morefuelsmod\fuels\modfuels\PelletBlock.java" md5: 89c26be047bcaeaac8455af94eda741b
Cache Hit!
endProcessing "com\bored\morefuelsmod\fuels\modfuels\PelletBlock.java"

startProcessing "com\bored\morefuelsmod\fuels\modfuels\PelletFuel.java" md5: 42b0c4d3828940dc9883a3be7561931e
Cache Hit!
endProcessing "com\bored\morefuelsmod\fuels\modfuels\PelletFuel.java"

startProcessing "com\bored\morefuelsmod\fuels\modfuels\Slimoline.java" md5: 7d3bc77b67fb9285f19dc28448ca8f06
Cache Hit!
endProcessing "com\bored\morefuelsmod\fuels\modfuels\Slimoline.java"

startProcessing "com\bored\morefuelsmod\item\ItemBase.java" md5: 8c973959372748d849f6d701efa09964
Cache Hit!
endProcessing "com\bored\morefuelsmod\item\ItemBase.java"

startProcessing "com\bored\morefuelsmod\item\ModItems.java" md5: a65aa95ae4e4005bd896ccc181e600e5
Cache Hit!
endProcessing "com\bored\morefuelsmod\item\ModItems.java"

startProcessing "com\bored\morefuelsmod\proxy\ClientProxy.java" md5: 2a11cc59e03bafcffa2c0d830e3328b6
Cache Hit!
endProcessing "com\bored\morefuelsmod\proxy\ClientProxy.java"

startProcessing "com\bored\morefuelsmod\proxy\CommonProxy.java" md5: 7b2562cedb70da5f980ba08a772c2e08
Cache Hit!
endProcessing "com\bored\morefuelsmod\proxy\CommonProxy.java"

